<?xml version="1.0" encoding="UTF-8"?>
<testng-results ignored="0" total="1" passed="1" failed="0" skipped="0">
  <reporter-output>
  </reporter-output>
  <suite started-at="2022-10-11T13:16:14 IST" name="Default suite" finished-at="2022-10-11T13:16:29 IST" duration-ms="15027">
    <groups>
    </groups>
    <test started-at="2022-10-11T13:16:14 IST" name="Default test" finished-at="2022-10-11T13:16:29 IST" duration-ms="15027">
      <class name="stream.ElePartialScreenshot">
        <test-method signature="handles()[pri:0, instance:stream.ElePartialScreenshot@366647c2]" started-at="2022-10-11T13:16:14 IST" name="handles" finished-at="2022-10-11T13:16:29 IST" duration-ms="14921" status="PASS">
          <reporter-output>
          </reporter-output>
        </test-method> <!-- handles -->
      </class> <!-- stream.ElePartialScreenshot -->
    </test> <!-- Default test -->
  </suite> <!-- Default suite -->
</testng-results>
